<?xml version="1.0" encoding="UTF-8"?>
<testng-results ignored="0" total="1" passed="1" failed="0" skipped="0">
  <reporter-output>
  </reporter-output>
  <suite started-at="2023-02-24T21:01:11 IST" name="Default suite" finished-at="2023-02-24T21:01:45 IST" duration-ms="33866">
    <groups>
    </groups>
    <test started-at="2023-02-24T21:01:11 IST" name="Default test" finished-at="2023-02-24T21:01:45 IST" duration-ms="33866">
      <class name="NumadicTest.priti">
        <test-method signature="numadic()[pri:0, instance:NumadicTest.priti@6193932a]" started-at="2023-02-24T21:01:11 IST" name="numadic" finished-at="2023-02-24T21:01:45 IST" duration-ms="33819" status="PASS">
          <reporter-output>
          </reporter-output>
        </test-method> <!-- numadic -->
      </class> <!-- NumadicTest.priti -->
    </test> <!-- Default test -->
  </suite> <!-- Default suite -->
</testng-results>
